C:\Practice\Repos\Angular-ASPNET-Core-Seed\Angular_ASPNETCore_Seed\wwwroot\app\core\services\data.service.js
C:\Practice\Repos\Angular-ASPNET-Core-Seed\Angular_ASPNETCore_Seed\wwwroot\app\core\services\data.service.js.map
C:\Practice\Repos\Angular-ASPNET-Core-Seed\Angular_ASPNETCore_Seed\wwwroot\app\home\home.component.js
C:\Practice\Repos\Angular-ASPNET-Core-Seed\Angular_ASPNETCore_Seed\wwwroot\app\home\home.component.js.map
C:\Practice\Repos\Angular-ASPNET-Core-Seed\Angular_ASPNETCore_Seed\wwwroot\app\app-routing.module.js
C:\Practice\Repos\Angular-ASPNET-Core-Seed\Angular_ASPNETCore_Seed\wwwroot\app\app-routing.module.js.map
C:\Practice\Repos\Angular-ASPNET-Core-Seed\Angular_ASPNETCore_Seed\wwwroot\app\app.component.js
C:\Practice\Repos\Angular-ASPNET-Core-Seed\Angular_ASPNETCore_Seed\wwwroot\app\app.component.js.map
C:\Practice\Repos\Angular-ASPNET-Core-Seed\Angular_ASPNETCore_Seed\wwwroot\app\core\ensureModuleLoadedOnceGuard.js
C:\Practice\Repos\Angular-ASPNET-Core-Seed\Angular_ASPNETCore_Seed\wwwroot\app\core\ensureModuleLoadedOnceGuard.js.map
C:\Practice\Repos\Angular-ASPNET-Core-Seed\Angular_ASPNETCore_Seed\wwwroot\app\core\core.module.js
C:\Practice\Repos\Angular-ASPNET-Core-Seed\Angular_ASPNETCore_Seed\wwwroot\app\core\core.module.js.map
C:\Practice\Repos\Angular-ASPNET-Core-Seed\Angular_ASPNETCore_Seed\wwwroot\app\app.module.js
C:\Practice\Repos\Angular-ASPNET-Core-Seed\Angular_ASPNETCore_Seed\wwwroot\app\app.module.js.map
C:\Practice\Repos\Angular-ASPNET-Core-Seed\Angular_ASPNETCore_Seed\wwwroot\app\main.js
C:\Practice\Repos\Angular-ASPNET-Core-Seed\Angular_ASPNETCore_Seed\wwwroot\app\main.js.map
C:\Practice\Repos\Angular-ASPNET-Core-Seed\Angular_ASPNETCore_Seed\config\polyfills.js
C:\Practice\Repos\Angular-ASPNET-Core-Seed\Angular_ASPNETCore_Seed\config\polyfills.js.map
C:\Practice\Repos\Angular-ASPNET-Core-Seed\Angular_ASPNETCore_Seed\config\vendor.js
C:\Practice\Repos\Angular-ASPNET-Core-Seed\Angular_ASPNETCore_Seed\config\vendor.js.map
C:\Practice\Repos\Angular-ASPNET-Core-Seed\Angular_ASPNETCore_Seed\wwwroot\app\core\services\data.service.js
C:\Practice\Repos\Angular-ASPNET-Core-Seed\Angular_ASPNETCore_Seed\wwwroot\app\core\services\data.service.js.map
C:\Practice\Repos\Angular-ASPNET-Core-Seed\Angular_ASPNETCore_Seed\wwwroot\app\home\home.component.js
C:\Practice\Repos\Angular-ASPNET-Core-Seed\Angular_ASPNETCore_Seed\wwwroot\app\home\home.component.js.map
C:\Practice\Repos\Angular-ASPNET-Core-Seed\Angular_ASPNETCore_Seed\wwwroot\app\app-routing.module.js
C:\Practice\Repos\Angular-ASPNET-Core-Seed\Angular_ASPNETCore_Seed\wwwroot\app\app-routing.module.js.map
C:\Practice\Repos\Angular-ASPNET-Core-Seed\Angular_ASPNETCore_Seed\wwwroot\app\app.component.js
C:\Practice\Repos\Angular-ASPNET-Core-Seed\Angular_ASPNETCore_Seed\wwwroot\app\app.component.js.map
C:\Practice\Repos\Angular-ASPNET-Core-Seed\Angular_ASPNETCore_Seed\wwwroot\app\core\ensureModuleLoadedOnceGuard.js
C:\Practice\Repos\Angular-ASPNET-Core-Seed\Angular_ASPNETCore_Seed\wwwroot\app\core\ensureModuleLoadedOnceGuard.js.map
C:\Practice\Repos\Angular-ASPNET-Core-Seed\Angular_ASPNETCore_Seed\wwwroot\app\core\core.module.js
C:\Practice\Repos\Angular-ASPNET-Core-Seed\Angular_ASPNETCore_Seed\wwwroot\app\core\core.module.js.map
C:\Practice\Repos\Angular-ASPNET-Core-Seed\Angular_ASPNETCore_Seed\wwwroot\app\app.module.js
C:\Practice\Repos\Angular-ASPNET-Core-Seed\Angular_ASPNETCore_Seed\wwwroot\app\app.module.js.map
C:\Practice\Repos\Angular-ASPNET-Core-Seed\Angular_ASPNETCore_Seed\wwwroot\app\main.js
C:\Practice\Repos\Angular-ASPNET-Core-Seed\Angular_ASPNETCore_Seed\wwwroot\app\main.js.map
C:\Practice\Repos\Angular-ASPNET-Core-Seed\Angular_ASPNETCore_Seed\config\polyfills.js
C:\Practice\Repos\Angular-ASPNET-Core-Seed\Angular_ASPNETCore_Seed\config\polyfills.js.map
C:\Practice\Repos\Angular-ASPNET-Core-Seed\Angular_ASPNETCore_Seed\config\vendor.js
C:\Practice\Repos\Angular-ASPNET-Core-Seed\Angular_ASPNETCore_Seed\config\vendor.js.map
C:\Practice\Repos\Angular-ASPNET-Core-Seed\Angular_ASPNETCore_Seed\wwwroot\app\core\services\data.service.js
C:\Practice\Repos\Angular-ASPNET-Core-Seed\Angular_ASPNETCore_Seed\wwwroot\app\core\services\data.service.js.map
C:\Practice\Repos\Angular-ASPNET-Core-Seed\Angular_ASPNETCore_Seed\wwwroot\app\home\home.component.js
C:\Practice\Repos\Angular-ASPNET-Core-Seed\Angular_ASPNETCore_Seed\wwwroot\app\home\home.component.js.map
C:\Practice\Repos\Angular-ASPNET-Core-Seed\Angular_ASPNETCore_Seed\wwwroot\app\app-routing.module.js
C:\Practice\Repos\Angular-ASPNET-Core-Seed\Angular_ASPNETCore_Seed\wwwroot\app\app-routing.module.js.map
C:\Practice\Repos\Angular-ASPNET-Core-Seed\Angular_ASPNETCore_Seed\wwwroot\app\app.component.js
C:\Practice\Repos\Angular-ASPNET-Core-Seed\Angular_ASPNETCore_Seed\wwwroot\app\app.component.js.map
C:\Practice\Repos\Angular-ASPNET-Core-Seed\Angular_ASPNETCore_Seed\wwwroot\app\core\ensureModuleLoadedOnceGuard.js
C:\Practice\Repos\Angular-ASPNET-Core-Seed\Angular_ASPNETCore_Seed\wwwroot\app\core\ensureModuleLoadedOnceGuard.js.map
C:\Practice\Repos\Angular-ASPNET-Core-Seed\Angular_ASPNETCore_Seed\wwwroot\app\core\core.module.js
C:\Practice\Repos\Angular-ASPNET-Core-Seed\Angular_ASPNETCore_Seed\wwwroot\app\core\core.module.js.map
C:\Practice\Repos\Angular-ASPNET-Core-Seed\Angular_ASPNETCore_Seed\wwwroot\app\app.module.js
C:\Practice\Repos\Angular-ASPNET-Core-Seed\Angular_ASPNETCore_Seed\wwwroot\app\app.module.js.map
C:\Practice\Repos\Angular-ASPNET-Core-Seed\Angular_ASPNETCore_Seed\wwwroot\app\main.js
C:\Practice\Repos\Angular-ASPNET-Core-Seed\Angular_ASPNETCore_Seed\wwwroot\app\main.js.map
C:\Practice\Repos\Angular-ASPNET-Core-Seed\Angular_ASPNETCore_Seed\config\polyfills.js
C:\Practice\Repos\Angular-ASPNET-Core-Seed\Angular_ASPNETCore_Seed\config\polyfills.js.map
C:\Practice\Repos\Angular-ASPNET-Core-Seed\Angular_ASPNETCore_Seed\config\vendor.js
C:\Practice\Repos\Angular-ASPNET-Core-Seed\Angular_ASPNETCore_Seed\config\vendor.js.map
C:\Practice\Repos\Angular-ASPNET-Core-Seed\Angular_ASPNETCore_Seed\wwwroot\app\core\services\data.service.js
C:\Practice\Repos\Angular-ASPNET-Core-Seed\Angular_ASPNETCore_Seed\wwwroot\app\core\services\data.service.js.map
C:\Practice\Repos\Angular-ASPNET-Core-Seed\Angular_ASPNETCore_Seed\wwwroot\app\home\home.component.js
C:\Practice\Repos\Angular-ASPNET-Core-Seed\Angular_ASPNETCore_Seed\wwwroot\app\home\home.component.js.map
C:\Practice\Repos\Angular-ASPNET-Core-Seed\Angular_ASPNETCore_Seed\wwwroot\app\app-routing.module.js
C:\Practice\Repos\Angular-ASPNET-Core-Seed\Angular_ASPNETCore_Seed\wwwroot\app\app-routing.module.js.map
C:\Practice\Repos\Angular-ASPNET-Core-Seed\Angular_ASPNETCore_Seed\wwwroot\app\app.component.js
C:\Practice\Repos\Angular-ASPNET-Core-Seed\Angular_ASPNETCore_Seed\wwwroot\app\app.component.js.map
C:\Practice\Repos\Angular-ASPNET-Core-Seed\Angular_ASPNETCore_Seed\wwwroot\app\core\ensureModuleLoadedOnceGuard.js
C:\Practice\Repos\Angular-ASPNET-Core-Seed\Angular_ASPNETCore_Seed\wwwroot\app\core\ensureModuleLoadedOnceGuard.js.map
C:\Practice\Repos\Angular-ASPNET-Core-Seed\Angular_ASPNETCore_Seed\wwwroot\app\core\core.module.js
C:\Practice\Repos\Angular-ASPNET-Core-Seed\Angular_ASPNETCore_Seed\wwwroot\app\core\core.module.js.map
C:\Practice\Repos\Angular-ASPNET-Core-Seed\Angular_ASPNETCore_Seed\wwwroot\app\app.module.js
C:\Practice\Repos\Angular-ASPNET-Core-Seed\Angular_ASPNETCore_Seed\wwwroot\app\app.module.js.map
C:\Practice\Repos\Angular-ASPNET-Core-Seed\Angular_ASPNETCore_Seed\wwwroot\app\main.js
C:\Practice\Repos\Angular-ASPNET-Core-Seed\Angular_ASPNETCore_Seed\wwwroot\app\main.js.map
C:\Practice\Repos\Angular-ASPNET-Core-Seed\Angular_ASPNETCore_Seed\config\polyfills.js
C:\Practice\Repos\Angular-ASPNET-Core-Seed\Angular_ASPNETCore_Seed\config\polyfills.js.map
C:\Practice\Repos\Angular-ASPNET-Core-Seed\Angular_ASPNETCore_Seed\config\vendor.js
C:\Practice\Repos\Angular-ASPNET-Core-Seed\Angular_ASPNETCore_Seed\config\vendor.js.map
C:\Practice\Repos\Angular-ASPNET-Core-Seed\Angular_ASPNETCore_Seed\wwwroot\app\core\services\data.service.js
C:\Practice\Repos\Angular-ASPNET-Core-Seed\Angular_ASPNETCore_Seed\wwwroot\app\core\services\data.service.js.map
C:\Practice\Repos\Angular-ASPNET-Core-Seed\Angular_ASPNETCore_Seed\wwwroot\app\home\home.component.js
C:\Practice\Repos\Angular-ASPNET-Core-Seed\Angular_ASPNETCore_Seed\wwwroot\app\home\home.component.js.map
C:\Practice\Repos\Angular-ASPNET-Core-Seed\Angular_ASPNETCore_Seed\wwwroot\app\app-routing.module.js
C:\Practice\Repos\Angular-ASPNET-Core-Seed\Angular_ASPNETCore_Seed\wwwroot\app\app-routing.module.js.map
C:\Practice\Repos\Angular-ASPNET-Core-Seed\Angular_ASPNETCore_Seed\wwwroot\app\app.component.js
C:\Practice\Repos\Angular-ASPNET-Core-Seed\Angular_ASPNETCore_Seed\wwwroot\app\app.component.js.map
C:\Practice\Repos\Angular-ASPNET-Core-Seed\Angular_ASPNETCore_Seed\wwwroot\app\core\ensureModuleLoadedOnceGuard.js
C:\Practice\Repos\Angular-ASPNET-Core-Seed\Angular_ASPNETCore_Seed\wwwroot\app\core\ensureModuleLoadedOnceGuard.js.map
C:\Practice\Repos\Angular-ASPNET-Core-Seed\Angular_ASPNETCore_Seed\wwwroot\app\core\core.module.js
C:\Practice\Repos\Angular-ASPNET-Core-Seed\Angular_ASPNETCore_Seed\wwwroot\app\core\core.module.js.map
C:\Practice\Repos\Angular-ASPNET-Core-Seed\Angular_ASPNETCore_Seed\wwwroot\app\app.module.js
C:\Practice\Repos\Angular-ASPNET-Core-Seed\Angular_ASPNETCore_Seed\wwwroot\app\app.module.js.map
C:\Practice\Repos\Angular-ASPNET-Core-Seed\Angular_ASPNETCore_Seed\wwwroot\app\main.js
C:\Practice\Repos\Angular-ASPNET-Core-Seed\Angular_ASPNETCore_Seed\wwwroot\app\main.js.map
C:\Practice\Repos\Angular-ASPNET-Core-Seed\Angular_ASPNETCore_Seed\config\polyfills.js
C:\Practice\Repos\Angular-ASPNET-Core-Seed\Angular_ASPNETCore_Seed\config\polyfills.js.map
C:\Practice\Repos\Angular-ASPNET-Core-Seed\Angular_ASPNETCore_Seed\config\vendor.js
C:\Practice\Repos\Angular-ASPNET-Core-Seed\Angular_ASPNETCore_Seed\config\vendor.js.map
